This is pdfTeXk, Version 3.1415926-1.40.9 (Web2C 7.5.7) (format=pdflatex 2009.5.12)  6 OCT 2009 23:47
entering extended mode
 %&-line parsing enabled.
**RedesNetCoding.tex
(./RedesNetCoding.tex
LaTeX2e <2005/12/01>
Babel <v3.8l> and hyphenation patterns for english, usenglishmax, dumylang, noh
yphenation, portuguese, ukenglish, loaded.
(/usr/share/texmf-site/tex/latex/beamer/base/beamer.cls
(/usr/share/texmf-site/tex/latex/beamer/base/beamerbasercs.sty
Package: beamerbasercs 2007/01/28 (rcs-revision 1.4)
)
Document Class: beamer 2007/03/11 cvs version 3.07 A class for typesetting pres
entations (rcs-revision 1.70)
(/usr/share/texmf-site/tex/latex/beamer/base/beamerbasemodes.sty
Package: beamerbasemodes 2007/01/28 (rcs-revision 1.22)
\beamer@tempbox=\box26
\beamer@tempcount=\count79
\c@beamerpauses=\count80

(/usr/share/texmf-site/tex/latex/beamer/base/beamerbasedecode.sty
Package: beamerbasedecode 2007/01/28 (rcs-revision 1.20)
\beamer@slideinframe=\count81
\beamer@minimum=\count82
)
\beamer@commentbox=\box27
\beamer@modecount=\count83
)
\headheight=\dimen102
\headdp=\dimen103
\footheight=\dimen104
\sidebarheight=\dimen105
\beamer@tempdim=\dimen106
\beamer@finalheight=\dimen107
\beamer@animht=\dimen108
\beamer@animdp=\dimen109
\beamer@animwd=\dimen110
\beamer@leftmargin=\dimen111
\beamer@rightmargin=\dimen112
\beamer@leftsidebar=\dimen113
\beamer@rightsidebar=\dimen114
\beamer@boxsize=\dimen115
\beamer@vboxoffset=\dimen116
\beamer@descdefault=\dimen117
\beamer@descriptionwidth=\dimen118
\beamer@lastskip=\skip41
\beamer@areabox=\box28
\beamer@animcurrent=\box29
\beamer@animshowbox=\box30
\beamer@sectionbox=\box31
\beamer@logobox=\box32
\beamer@linebox=\box33
\beamer@sectioncount=\count84
\beamer@subsubsectionmax=\count85
\beamer@subsectionmax=\count86
\beamer@sectionmax=\count87
\beamer@totalheads=\count88
\beamer@headcounter=\count89
\beamer@partstartpage=\count90
\beamer@sectionstartpage=\count91
\beamer@subsectionstartpage=\count92
\beamer@animationtempa=\count93
\beamer@animationtempb=\count94
\beamer@xpos=\count95
\beamer@ypos=\count96
\beamer@showpartnumber=\count97
\beamer@currentsubsection=\count98
\beamer@coveringdepth=\count99
\beamer@sectionadjust=\count100
\beamer@tocsectionnumber=\count101

(/usr/share/texmf-site/tex/latex/beamer/base/beamerbaseoptions.sty
Package: beamerbaseoptions 2007/01/28 (rcs-revision 1.8)

(/usr/share/texmf-dist/tex/latex/graphics/keyval.sty
Package: keyval 1999/03/16 v1.13 key=value parser (DPC)
\KV@toks@=\toks14
))

Class beamer Warning: ``serif'' is obsolete. Use font theme ``serif'' instead o
n input line 300.


Class beamer Warning: ``mathserif'' is obsolete. Use font theme ``serif'' with 
option ``onlymath'' on input line 300.

(/usr/share/texmf-site/tex/latex/pgf/basiclayer/pgfcore.sty
(/usr/share/texmf-dist/tex/latex/graphics/graphicx.sty
Package: graphicx 1999/02/16 v1.0f Enhanced LaTeX Graphics (DPC,SPQR)

(/usr/share/texmf-dist/tex/latex/graphics/graphics.sty
Package: graphics 2006/02/20 v1.0o Standard LaTeX Graphics (DPC,SPQR)

(/usr/share/texmf-dist/tex/latex/graphics/trig.sty
Package: trig 1999/03/16 v1.09 sin cos tan (DPC)
)
(/usr/share/texmf/tex/latex/config/graphics.cfg
File: graphics.cfg 2007/01/18 v1.5 graphics configuration of teTeX/TeXLive
)
Package graphics Info: Driver file: pdftex.def on input line 90.

(/usr/share/texmf-dist/tex/latex/pdftex-def/pdftex.def
File: pdftex.def 2008/07/16 v0.04k Graphics/color for pdfTeX
\Gread@gobject=\count102
))
\Gin@req@height=\dimen119
\Gin@req@width=\dimen120
)
(/usr/share/texmf-site/tex/latex/pgf/systemlayer/pgfsys.sty
(/usr/share/texmf-site/tex/latex/pgf/utilities/pgfrcs.sty
(/usr/share/texmf-site/tex/generic/pgf/utilities/pgfutil-common.tex
\pgfutil@everybye=\toks15
)
(/usr/share/texmf-site/tex/generic/pgf/utilities/pgfutil-latex.def)
(/usr/share/texmf-site/tex/generic/pgf/utilities/pgfrcs.code.tex
Package: pgfrcs 2008/02/20 v2.00 (rcs-revision 1.21)
))
(/usr/share/texmf-site/tex/generic/pgf/systemlayer/pgfsys.code.tex
Package: pgfsys 2008/02/07 v2.00 (rcs-revision 1.31)

(/usr/share/texmf-site/tex/generic/pgf/utilities/pgfkeys.code.tex
\pgfkeys@pathtoks=\toks16
\pgfkeys@temptoks=\toks17
)
\pgf@x=\dimen121
\pgf@y=\dimen122
\pgf@xa=\dimen123
\pgf@ya=\dimen124
\pgf@xb=\dimen125
\pgf@yb=\dimen126
\pgf@xc=\dimen127
\pgf@yc=\dimen128
\c@pgf@counta=\count103
\c@pgf@countb=\count104
\c@pgf@countc=\count105
\c@pgf@countd=\count106

(/usr/share/texmf-site/tex/generic/pgf/systemlayer/pgf.cfg
File: pgf.cfg 2008/01/13  (rcs-revision 1.6)
)
Package pgfsys Info: Driver file for pgf: pgfsys-pdftex.def on input line 885.

(/usr/share/texmf-site/tex/generic/pgf/systemlayer/pgfsys-pdftex.def
File: pgfsys-pdftex.def 2007/12/20  (rcs-revision 1.20)

(/usr/share/texmf-site/tex/generic/pgf/systemlayer/pgfsys-common-pdf.def
File: pgfsys-common-pdf.def 2007/12/17  (rcs-revision 1.8)
)))
(/usr/share/texmf-site/tex/generic/pgf/systemlayer/pgfsyssoftpath.code.tex
File: pgfsyssoftpath.code.tex 2008/01/23  (rcs-revision 1.6)
\pgfsyssoftpath@smallbuffer@items=\count107
\pgfsyssoftpath@bigbuffer@items=\count108
)
(/usr/share/texmf-site/tex/generic/pgf/systemlayer/pgfsysprotocol.code.tex
File: pgfsysprotocol.code.tex 2006/10/16  (rcs-revision 1.4)
))
(/usr/share/texmf-site/tex/latex/xcolor/xcolor.sty
Package: xcolor 2007/01/21 v2.11 LaTeX color extensions (UK)

(/usr/share/texmf/tex/latex/config/color.cfg
File: color.cfg 2007/01/18 v1.5 color configuration of teTeX/TeXLive
)
Package xcolor Info: Driver file: pdftex.def on input line 225.
Package xcolor Info: Model `cmy' substituted by `cmy0' on input line 1337.
Package xcolor Info: Model `hsb' substituted by `rgb' on input line 1341.
Package xcolor Info: Model `RGB' extended on input line 1353.
Package xcolor Info: Model `HTML' substituted by `rgb' on input line 1355.
Package xcolor Info: Model `Hsb' substituted by `hsb' on input line 1356.
Package xcolor Info: Model `tHsb' substituted by `hsb' on input line 1357.
Package xcolor Info: Model `HSB' substituted by `hsb' on input line 1358.
Package xcolor Info: Model `Gray' substituted by `gray' on input line 1359.
Package xcolor Info: Model `wave' substituted by `hsb' on input line 1360.
)
(/usr/share/texmf-site/tex/generic/pgf/basiclayer/pgfcore.code.tex
Package: pgfcore 2008/01/15 v2.00 (rcs-revision 1.6)

(/usr/share/texmf-site/tex/generic/pgf/math/pgfmath.code.tex
(/usr/share/texmf-site/tex/generic/pgf/math/pgfmathcalc.code.tex
(/usr/share/texmf-site/tex/generic/pgf/math/pgfmathutil.code.tex
\pgfmath@box=\box34
)
(/usr/share/texmf-site/tex/generic/pgf/math/pgfmathparser.code.tex
\pgfmath@stack=\toks18
\c@pgfmath@parsecounta=\count109
\c@pgfmath@parsecountb=\count110
\c@pgfmath@parsecountc=\count111
\pgfmath@parsex=\dimen129
)
(/usr/share/texmf-site/tex/generic/pgf/math/pgfmathoperations.code.tex
(/usr/share/texmf-site/tex/generic/pgf/math/pgfmathtrig.code.tex)
(/usr/share/texmf-site/tex/generic/pgf/math/pgfmathrnd.code.tex))
(/usr/share/texmf-site/tex/generic/pgf/math/pgfmathbase.code.tex)))
(/usr/share/texmf-site/tex/generic/pgf/basiclayer/pgfcorepoints.code.tex
File: pgfcorepoints.code.tex 2008/02/03  (rcs-revision 1.13)
\pgf@picminx=\dimen130
\pgf@picmaxx=\dimen131
\pgf@picminy=\dimen132
\pgf@picmaxy=\dimen133
\pgf@pathminx=\dimen134
\pgf@pathmaxx=\dimen135
\pgf@pathminy=\dimen136
\pgf@pathmaxy=\dimen137
\pgf@xx=\dimen138
\pgf@xy=\dimen139
\pgf@yx=\dimen140
\pgf@yy=\dimen141
\pgf@zx=\dimen142
\pgf@zy=\dimen143
)
(/usr/share/texmf-site/tex/generic/pgf/basiclayer/pgfcorepathconstruct.code.tex
File: pgfcorepathconstruct.code.tex 2008/02/13  (rcs-revision 1.14)
\pgf@path@lastx=\dimen144
\pgf@path@lasty=\dimen145
) (/usr/share/texmf-site/tex/generic/pgf/basiclayer/pgfcorepathusage.code.tex
File: pgfcorepathusage.code.tex 2008/01/23  (rcs-revision 1.11)
\pgf@shorten@end@additional=\dimen146
\pgf@shorten@start@additional=\dimen147
)
(/usr/share/texmf-site/tex/generic/pgf/basiclayer/pgfcorescopes.code.tex
File: pgfcorescopes.code.tex 2008/01/15  (rcs-revision 1.26)
\pgfpic=\box35
\pgf@hbox=\box36
\pgf@layerbox@main=\box37
\pgf@picture@serial@count=\count112
)
(/usr/share/texmf-site/tex/generic/pgf/basiclayer/pgfcoregraphicstate.code.tex
File: pgfcoregraphicstate.code.tex 2007/12/12  (rcs-revision 1.8)
\pgflinewidth=\dimen148
)
(/usr/share/texmf-site/tex/generic/pgf/basiclayer/pgfcoretransformations.code.t
ex
File: pgfcoretransformations.code.tex 2008/02/04  (rcs-revision 1.10)
\pgf@pt@x=\dimen149
\pgf@pt@y=\dimen150
\pgf@pt@temp=\dimen151
) (/usr/share/texmf-site/tex/generic/pgf/basiclayer/pgfcorequick.code.tex
File: pgfcorequick.code.tex 2006/10/11  (rcs-revision 1.2)
)
(/usr/share/texmf-site/tex/generic/pgf/basiclayer/pgfcoreobjects.code.tex
File: pgfcoreobjects.code.tex 2006/10/11  (rcs-revision 1.2)
)
(/usr/share/texmf-site/tex/generic/pgf/basiclayer/pgfcorepathprocessing.code.te
x
File: pgfcorepathprocessing.code.tex 2008/01/23  (rcs-revision 1.7)
) (/usr/share/texmf-site/tex/generic/pgf/basiclayer/pgfcorearrows.code.tex
File: pgfcorearrows.code.tex 2007/06/07  (rcs-revision 1.8)
)
(/usr/share/texmf-site/tex/generic/pgf/basiclayer/pgfcoreshade.code.tex
File: pgfcoreshade.code.tex 2007/12/10  (rcs-revision 1.9)
\pgf@max=\dimen152
\pgf@sys@shading@range@num=\count113
)
(/usr/share/texmf-site/tex/generic/pgf/basiclayer/pgfcoreimage.code.tex
File: pgfcoreimage.code.tex 2008/01/15  (rcs-revision 1.1)
\pgfexternal@startupbox=\box38
)
(/usr/share/texmf-site/tex/generic/pgf/basiclayer/pgfcorelayers.code.tex
File: pgfcorelayers.code.tex 2008/01/15  (rcs-revision 1.1)
)
(/usr/share/texmf-site/tex/generic/pgf/basiclayer/pgfcoretransparency.code.tex
File: pgfcoretransparency.code.tex 2008/01/17  (rcs-revision 1.2)
) (/usr/share/texmf-site/tex/generic/pgf/basiclayer/pgfcorepatterns.code.tex
File: pgfcorepatterns.code.tex 2008/01/15  (rcs-revision 1.1)
)))
(/usr/share/texmf-site/tex/latex/pgf/basiclayer/pgfbaseimage.sty

Package pgf Warning: This package is obsolete and no longer needed on input lin
e 13.

) (/usr/share/texmf-site/tex/latex/pgf/utilities/xxcolor.sty
Package: xxcolor 2003/10/24 ver 0.1
\XC@nummixins=\count114
\XC@countmixins=\count115
)
(/usr/share/texmf-dist/tex/latex/amsfonts/amssymb.sty
Package: amssymb 2002/01/22 v2.2d

(/usr/share/texmf-dist/tex/latex/amsfonts/amsfonts.sty
Package: amsfonts 2001/10/25 v2.2f
\@emptytoks=\toks19
\symAMSa=\mathgroup4
\symAMSb=\mathgroup5
LaTeX Font Info:    Overwriting math alphabet `\mathfrak' in version `bold'
(Font)                  U/euf/m/n --> U/euf/b/n on input line 132.
))
(/usr/share/texmf-dist/tex/latex/geometry/geometry.sty
Package: geometry 2002/07/08 v3.2 Page Geometry
\Gm@cnth=\count116
\Gm@cntv=\count117
\c@Gm@tempcnt=\count118
\Gm@bindingoffset=\dimen153
\Gm@wd@mp=\dimen154
\Gm@odd@mp=\dimen155
\Gm@even@mp=\dimen156
\Gm@dimlist=\toks20
)
(/usr/share/texmf-dist/tex/latex/hyperref/hyperref.sty
Package: hyperref 2008/08/14 v6.78f Hypertext links for LaTeX

(/usr/share/texmf-dist/tex/generic/oberdiek/ifpdf.sty
Package: ifpdf 2007/12/12 v1.6 Provides the ifpdf switch (HO)
Package ifpdf Info: pdfTeX in pdf mode detected.
)
(/usr/share/texmf-dist/tex/generic/oberdiek/ifvtex.sty
Package: ifvtex 2007/09/09 v1.3 Switches for detecting VTeX and its modes (HO)
Package ifvtex Info: VTeX not detected.
)
(/usr/share/texmf-dist/tex/generic/ifxetex/ifxetex.sty
Package: ifxetex 2006/08/21 v0.3 Provides ifxetex conditional
)
(/usr/share/texmf-dist/tex/latex/oberdiek/hycolor.sty
Package: hycolor 2008/08/01 v1.3 Code for color options of hyperref/bookmark (H
O)

(/usr/share/texmf-dist/tex/latex/oberdiek/xcolor-patch.sty
Package: xcolor-patch 2008/08/01 xcolor patch
))
\@linkdim=\dimen157
\Hy@linkcounter=\count119
\Hy@pagecounter=\count120

(/usr/share/texmf-dist/tex/latex/hyperref/pd1enc.def
File: pd1enc.def 2008/08/14 v6.78f Hyperref: PDFDocEncoding definition (HO)
)
(/usr/share/texmf-dist/tex/generic/oberdiek/etexcmds.sty
Package: etexcmds 2007/12/12 v1.2 Prefix for e-TeX command names (HO)

(/usr/share/texmf-dist/tex/generic/oberdiek/infwarerr.sty
Package: infwarerr 2007/09/09 v1.2 Providing info/warning/message (HO)
)
Package etexcmds Info: Could not find \expanded.
(etexcmds)             That can mean that you are not using pdfTeX 1.50 or
(etexcmds)             that some package has redefined \expanded.
(etexcmds)             In the latter case, load this package earlier.
)
(/usr/share/texmf/tex/latex/config/hyperref.cfg
File: hyperref.cfg 2002/06/06 v1.2 hyperref configuration of TeXLive
)
(/usr/share/texmf-dist/tex/latex/oberdiek/kvoptions.sty
Package: kvoptions 2007/10/18 v3.0 Keyval support for LaTeX options (HO)
)
Package hyperref Info: Option `bookmarks' set `true' on input line 2765.
Package hyperref Info: Option `bookmarksopen' set `true' on input line 2765.
Package hyperref Info: Option `implicit' set `false' on input line 2765.
Package hyperref Info: Hyper figures OFF on input line 2876.
Package hyperref Info: Link nesting OFF on input line 2881.
Package hyperref Info: Hyper index ON on input line 2884.
Package hyperref Info: Plain pages OFF on input line 2891.
Package hyperref Info: Backreferencing OFF on input line 2896.

Implicit mode OFF; no redefinition of LaTeX internals
Package hyperref Info: Bookmarks ON on input line 3086.
(/usr/share/texmf-dist/tex/latex/ltxmisc/url.sty
\Urlmuskip=\muskip10
Package: url 2006/04/12  ver 3.3  Verb mode for urls, etc.
)
LaTeX Info: Redefining \url on input line 3272.

(/usr/share/texmf-dist/tex/generic/oberdiek/bitset.sty
Package: bitset 2007/09/28 v1.0 Data type bit set (HO)

(/usr/share/texmf-dist/tex/generic/oberdiek/intcalc.sty
Package: intcalc 2007/09/27 v1.1 Expandable integer calculations (HO)
)
(/usr/share/texmf-dist/tex/generic/oberdiek/bigintcalc.sty
Package: bigintcalc 2007/11/11 v1.1 Expandable big integer calculations (HO)

(/usr/share/texmf-dist/tex/generic/oberdiek/pdftexcmds.sty
Package: pdftexcmds 2007/12/12 v0.3 LuaTeX support for pdfTeX utility functions
 (HO)
Package pdftexcmds Info: LuaTeX not detected on input line 139.
)))
(/usr/share/texmf-dist/tex/generic/oberdiek/kvsetkeys.sty
Package: kvsetkeys 2007/09/29 v1.3 Key value parser with default handler suppor
t (HO)
)
\Fld@menulength=\count121
\Field@Width=\dimen158
\Fld@charsize=\dimen159
\Field@toks=\toks21
Package hyperref Info: Hyper figures OFF on input line 4189.
Package hyperref Info: Link nesting OFF on input line 4194.
Package hyperref Info: Hyper index ON on input line 4197.
Package hyperref Info: backreferencing OFF on input line 4204.
Package hyperref Info: Link coloring OFF on input line 4209.
Package hyperref Info: Link coloring with OCG OFF on input line 4214.
Package hyperref Info: PDF/A mode OFF on input line 4219.

(/usr/share/texmf-dist/tex/generic/oberdiek/atbegshi.sty
Package: atbegshi 2008/07/31 v1.9 At begin shipout hook (HO)
)

Package hyperref Warning: Option `pdfpagelabels' is turned off
(hyperref)                because \thepage is undefined.

Hyperref stopped early
)
*hyperref using default driver hpdftex*
(/usr/share/texmf-dist/tex/latex/hyperref/hpdftex.def
File: hpdftex.def 2008/08/14 v6.78f Hyperref driver for pdfTeX
\Fld@listcount=\count122
)
(/usr/share/texmf-dist/tex/latex/base/size11.clo
File: size11.clo 2005/09/16 v1.4f Standard LaTeX file (size option)
)
(/usr/share/texmf-site/tex/latex/beamer/base/beamerbasecompatibility.sty
Package: beamerbasecompatibility 2007/01/28  (rcs-revision 1.63)
)
(/usr/share/texmf-site/tex/latex/beamer/base/beamerbasefont.sty
Package: beamerbasefont 2007/01/28  (rcs-revision 1.16)
)
(/usr/share/texmf-site/tex/latex/beamer/base/beamerbasemisc.sty
Package: beamerbasemisc 2007/01/28  (rcs-revision 1.24)
)
(/usr/share/texmf-site/tex/latex/beamer/base/beamerbasetwoscreens.sty
Package: beamerbasetwoscreens 2007/01/28  (rcs-revision 1.7)
)
(/usr/share/texmf-site/tex/latex/beamer/base/beamerbaseoverlay.sty
Package: beamerbaseoverlay 2007/01/28  (rcs-revision 1.50)
\beamer@argscount=\count123
\beamer@lastskipcover=\skip42
\beamer@trivlistdepth=\count124
)
(/usr/share/texmf-site/tex/latex/beamer/base/beamerbasetitle.sty
Package: beamerbasetitle 2007/01/28  (rcs-revision 1.25)
)
(/usr/share/texmf-site/tex/latex/beamer/base/beamerbasesection.sty
Package: beamerbasesection 2007/01/28  (rcs-revision 1.21)
\c@lecture=\count125
\c@part=\count126
\c@section=\count127
\c@subsection=\count128
\c@subsubsection=\count129
)
(/usr/share/texmf-site/tex/latex/beamer/base/beamerbaseframe.sty
Package: beamerbaseframe 2007/01/28  (rcs-revision 1.60)
\beamer@framebox=\box39
\beamer@frametitlebox=\box40
\beamer@zoombox=\box41
\beamer@zoomcount=\count130
\beamer@zoomframecount=\count131
\beamer@frametextheight=\dimen160
\c@subsectionslide=\count132
\beamer@frametopskip=\skip43
\beamer@framebottomskip=\skip44
\beamer@frametopskipautobreak=\skip45
\beamer@framebottomskipautobreak=\skip46
\beamer@envbody=\toks22
\c@framenumber=\count133
)
(/usr/share/texmf-site/tex/latex/beamer/base/beamerbaseverbatim.sty
Package: beamerbaseverbatim 2007/01/28  (rcs-revision 1.8)
\beamer@verbatimfileout=\write3
)
(/usr/share/texmf-site/tex/latex/beamer/base/beamerbaseframesize.sty
Package: beamerbaseframesize 2007/01/28  (rcs-revision 1.18)
\beamer@splitbox=\box42
\beamer@autobreakcount=\count134
\beamer@autobreaklastheight=\dimen161
\beamer@frametitletoks=\toks23
\beamer@framesubtitletoks=\toks24
)
(/usr/share/texmf-site/tex/latex/beamer/base/beamerbaseframecomponents.sty
Package: beamerbaseframecomponents 2007/01/28  (rcs-revision 1.41)
\beamer@footins=\box43
)
(/usr/share/texmf-site/tex/latex/beamer/base/beamerbasecolor.sty
Package: beamerbasecolor 2007/01/28  (rcs-revision 1.42)
)
(/usr/share/texmf-site/tex/latex/beamer/base/beamerbasenotes.sty
Package: beamerbasenotes 2007/01/28  (rcs-revision 1.23)
\beamer@frameboxcopy=\box44
)
(/usr/share/texmf-site/tex/latex/beamer/base/beamerbasetoc.sty
Package: beamerbasetoc 2007/01/28  (rcs-revision 1.21)
)
(/usr/share/texmf-site/tex/latex/beamer/base/beamerbasetemplates.sty
Package: beamerbasetemplates 2007/01/28  (rcs-revision 1.51)
\beamer@sbttoks=\toks25

(/usr/share/texmf-site/tex/latex/beamer/base/beamerbaseauxtemplates.sty
Package: beamerbaseauxtemplates 2007/01/28  (rcs-revision 1.28)

(/usr/share/texmf-site/tex/latex/beamer/base/beamerbaseboxes.sty
Package: beamerbaseboxes 2007/03/11  (rcs-revision 1.32)
\bmb@box=\box45
\bmb@colorbox=\box46
\bmb@boxshadow=\box47
\bmb@boxshadowball=\box48
\bmb@boxshadowballlarge=\box49
\bmb@temp=\dimen162
\bmb@dima=\dimen163
\bmb@dimb=\dimen164
\bmb@prevheight=\dimen165
)
\beamer@blockheadheight=\dimen166
))
(/usr/share/texmf-site/tex/latex/beamer/base/beamerbaselocalstructure.sty
Package: beamerbaselocalstructure 2007/01/28  (rcs-revision 1.53)

(/usr/share/texmf-dist/tex/latex/tools/enumerate.sty
Package: enumerate 1999/03/05 v3.00 enumerate extensions (DPC)
\@enLab=\toks26
)
\c@figure=\count135
\c@table=\count136
\abovecaptionskip=\skip47
\belowcaptionskip=\skip48
)
(/usr/share/texmf-site/tex/latex/beamer/base/beamerbasenavigation.sty
Package: beamerbasenavigation 2007/01/28  (rcs-revision 1.36)
)
(/usr/share/texmf-site/tex/latex/beamer/base/beamerbasetheorems.sty
Package: beamerbasetheorems 2007/01/28  (rcs-revision 1.10)

(/usr/share/texmf-site/tex/latex/translator/translator.sty
Package: translator 2007/03/11 ver 1.00

(/usr/share/texmf-site/tex/latex/translator/translator-language-mappings.tex))
(/usr/share/texmf-dist/tex/latex/amsmath/amsmath.sty
Package: amsmath 2000/07/18 v2.13 AMS math features
\@mathmargin=\skip49

For additional information on amsmath, use the `?' option.
(/usr/share/texmf-dist/tex/latex/amsmath/amstext.sty
Package: amstext 2000/06/29 v2.01

(/usr/share/texmf-dist/tex/latex/amsmath/amsgen.sty
File: amsgen.sty 1999/11/30 v2.0
\@emptytoks=\toks27
\ex@=\dimen167
))
(/usr/share/texmf-dist/tex/latex/amsmath/amsbsy.sty
Package: amsbsy 1999/11/29 v1.2d
\pmbraise@=\dimen168
)
(/usr/share/texmf-dist/tex/latex/amsmath/amsopn.sty
Package: amsopn 1999/12/14 v2.01 operator names
)
\inf@bad=\count137
LaTeX Info: Redefining \frac on input line 211.
\uproot@=\count138
\leftroot@=\count139
LaTeX Info: Redefining \overline on input line 307.
\classnum@=\count140
\DOTSCASE@=\count141
LaTeX Info: Redefining \ldots on input line 379.
LaTeX Info: Redefining \dots on input line 382.
LaTeX Info: Redefining \cdots on input line 467.
\Mathstrutbox@=\box50
\strutbox@=\box51
\big@size=\dimen169
LaTeX Font Info:    Redeclaring font encoding OML on input line 567.
LaTeX Font Info:    Redeclaring font encoding OMS on input line 568.
\macc@depth=\count142
\c@MaxMatrixCols=\count143
\dotsspace@=\muskip11
\c@parentequation=\count144
\dspbrk@lvl=\count145
\tag@help=\toks28
\row@=\count146
\column@=\count147
\maxfields@=\count148
\andhelp@=\toks29
\eqnshift@=\dimen170
\alignsep@=\dimen171
\tagshift@=\dimen172
\tagwidth@=\dimen173
\totwidth@=\dimen174
\lineht@=\dimen175
\@envbody=\toks30
\multlinegap=\skip50
\multlinetaggap=\skip51
\mathdisplay@stack=\toks31
LaTeX Info: Redefining \[ on input line 2666.
LaTeX Info: Redefining \] on input line 2667.
)
(/usr/share/texmf-dist/tex/latex/amscls/amsthm.sty
Package: amsthm 2004/08/06 v2.20
\thm@style=\toks32
\thm@bodyfont=\toks33
\thm@headfont=\toks34
\thm@notefont=\toks35
\thm@headpunct=\toks36
\thm@preskip=\skip52
\thm@postskip=\skip53
\thm@headsep=\skip54
\dth@everypar=\toks37
)
\c@theorem=\count149
)
(/usr/share/texmf-site/tex/latex/beamer/base/beamerbasethemes.sty
Package: beamerbasethemes 2007/01/28  (rcs-revision 1.10)
)
(/usr/share/texmf-site/tex/latex/beamer/themes/theme/beamerthemedefault.sty
Package: beamerthemedefault 2007/01/28  (rcs-revision 1.7)

(/usr/share/texmf-site/tex/latex/beamer/themes/font/beamerfontthemedefault.sty
Package: beamerfontthemedefault 2007/01/28  (rcs-revision 1.13)
)
(/usr/share/texmf-site/tex/latex/beamer/themes/color/beamercolorthemedefault.st
y
Package: beamercolorthemedefault 2007/01/28  (rcs-revision 1.28)
)
(/usr/share/texmf-site/tex/latex/beamer/themes/inner/beamerinnerthemedefault.st
y
Package: beamerinnerthemedefault 2007/01/28  (rcs-revision 1.20)
\beamer@dima=\dimen176
\beamer@dimb=\dimen177
)
(/usr/share/texmf-site/tex/latex/beamer/themes/outer/beamerouterthemedefault.st
y
Package: beamerouterthemedefault 2007/01/28  (rcs-revision 1.14)
))) (/usr/share/texmf-dist/tex/latex/base/inputenc.sty
Package: inputenc 2006/05/05 v1.1b Input encoding file
\inpenc@prehook=\toks38
\inpenc@posthook=\toks39

(/usr/share/texmf-dist/tex/latex/base/latin1.def
File: latin1.def 2006/05/05 v1.1b Input encoding file
))
(/usr/share/texmf-dist/tex/latex/graphics/epsfig.sty
Package: epsfig 1999/02/16 v1.7a (e)psfig emulation (SPQR)
\epsfxsize=\dimen178
\epsfysize=\dimen179
)
(/usr/share/texmf-dist/tex/latex/tools/xspace.sty
Package: xspace 2006/05/08 v1.12 Space after command names (DPC,MH)
)
(/usr/share/texmf-dist/tex/generic/pstricks/latex/pstricks.sty
Package: pstricks 2008/01/24 v0.37 LaTeX wrapper for `PSTricks' (RN,HV)

(/usr/share/texmf-dist/tex/generic/pstricks/pstricks.tex
`PSTricks' v1.26  <2008/07/31> (tvz)
\pst@dima=\dimen180
\pst@dimb=\dimen181
\pst@dimc=\dimen182
\pst@dimd=\dimen183
\pst@dimg=\dimen184
\pst@dimh=\dimen185
\pst@hbox=\box52
\pst@boxg=\box53
\pst@cnta=\count150
\pst@cntb=\count151
\pst@cntc=\count152
\pst@cntd=\count153
\pst@cntg=\count154
\pst@cnth=\count155
\pst@toks=\toks40
(/usr/share/texmf-dist/tex/generic/pstricks/pstricks.con)
\psunit=\dimen186
\psxunit=\dimen187
\psyunit=\dimen188
\pslinewidth=\dimen189
\pst@customdefs=\toks41
\pslinearc=\dimen190
\everypsbox=\toks42
\psframesep=\dimen191
\pslabelsep=\dimen192
\pst@shift=\dimen193
\theoverlaybox=\box54
)
File: pstricks.tex 2008/07/31 v1.26 `PSTricks' (tvz)
)
(/usr/share/texmf-dist/tex/generic/pstricks/latex/pst-node.sty
Package: pst-node 2006/01/01 package wrapper for pst-node.tex

(/usr/share/texmf-dist/tex/generic/pstricks/pst-node.tex  v1.00, 2007/10/16
\psrow=\count156
\pscol=\count157
\psmatrixcnt=\count158
\psrowsep=\skip55
\pscolsep=\skip56
)
File: pst-node.tex 2007/10/16 1.00 `pst-node' (tvz)
)
(/usr/share/texmf-site/tex/latex/beamer/extensions/multimedia/multimedia.sty
Package: multimedia 2004/04/10 ver 0.01
\mm@movie=\count159
)
(/usr/share/texmf-dist/tex/latex/subfigure/subfigure.sty
Package: subfigure 2002/03/15 v2.1.5 subfigure package
\subfigtopskip=\skip57
\subfigcapskip=\skip58
\subfigcaptopadj=\dimen194
\subfigbottomskip=\skip59
\subfigcapmargin=\dimen195
\subfiglabelskip=\skip60
\c@subfigure=\count160
\c@lofdepth=\count161
\c@subtable=\count162
\c@lotdepth=\count163

****************************************
* Local config file subfigure.cfg used *
****************************************
(/usr/share/texmf-dist/tex/latex/subfigure/subfigure.cfg)
\subfig@top=\skip61
\subfig@bottom=\skip62
)
(/usr/share/texmf-site/tex/latex/beamer/themes/theme/compatibility/beamerthemes
plit.sty
Package: beamerthemesplit 2007/01/28  (rcs-revision 1.9)

(/usr/share/texmf-site/tex/latex/beamer/themes/color/beamercolorthemewhale.sty
Package: beamercolorthemewhale 2007/01/28  (rcs-revision 1.4)
) (/usr/share/texmf-site/tex/latex/beamer/themes/outer/beamerouterthemesplit.st
y
Package: beamerouterthemesplit 2007/01/28  (rcs-revision 1.5)
)
(/usr/share/texmf-site/tex/latex/beamer/themes/font/beamerfontthemestructurebol
d.sty
Package: beamerfontthemestructurebold 2007/01/28  (rcs-revision 1.3)
)) (/usr/share/texmf-site/tex/latex/pgf/frontendlayer/tikz.sty
(/usr/share/texmf-site/tex/latex/pgf/basiclayer/pgf.sty
Package: pgf 2008/01/15 v2.00 (rcs-revision 1.12)

(/usr/share/texmf-site/tex/generic/pgf/modules/pgfmoduleshapes.code.tex
File: pgfmoduleshapes.code.tex 2008/02/13  (rcs-revision 1.4)
\pgfnodeparttextbox=\box55
\toks@savedmacro=\toks43
)
(/usr/share/texmf-site/tex/generic/pgf/modules/pgfmoduleplot.code.tex
File: pgfmoduleplot.code.tex 2008/01/15  (rcs-revision 1.1)
\pgf@plotwrite=\write4
)
(/usr/share/texmf-site/tex/latex/pgf/compatibility/pgfcomp-version-0-65.sty
Package: pgfcomp-version-0-65 2007/07/03 v2.00 (rcs-revision 1.7)
\pgf@nodesepstart=\dimen196
\pgf@nodesepend=\dimen197
)
(/usr/share/texmf-site/tex/latex/pgf/compatibility/pgfcomp-version-1-18.sty
Package: pgfcomp-version-1-18 2007/07/23 v2.00 (rcs-revision 1.1)
))
(/usr/share/texmf-site/tex/latex/pgf/utilities/pgffor.sty
(/usr/share/texmf-site/tex/generic/pgf/utilities/pgffor.code.tex
Package: pgffor 2007/11/07 v2.00 (rcs-revision 1.8)
\pgffor@iter=\dimen198
\pgffor@skip=\dimen199
))
(/usr/share/texmf-site/tex/generic/pgf/frontendlayer/tikz/tikz.code.tex
Package: tikz 2008/02/13 v2.00 (rcs-revision 1.27)

(/usr/share/texmf-site/tex/generic/pgf/libraries/pgflibraryplothandlers.code.te
x
File: pgflibraryplothandlers.code.tex 2007/03/09 v2.00 (rcs-revision 1.9)
\pgf@plot@mark@count=\count164
\pgfplotmarksize=\dimen200
)
\tikz@lastx=\dimen201
\tikz@lasty=\dimen202
\tikz@lastxsaved=\dimen203
\tikz@lastysaved=\dimen204
\tikzleveldistance=\dimen205
\tikzsiblingdistance=\dimen206
\tikz@figbox=\box56
\tikz@tempbox=\box57
\tikztreelevel=\count165
\tikznumberofchildren=\count166
\tikznumberofcurrentchild=\count167
\tikz@fig@count=\count168
 (/usr/share/texmf-site/tex/generic/pgf/modules/pgfmodulematrix.code.tex
File: pgfmodulematrix.code.tex 2008/01/15  (rcs-revision 1.1)
\pgfmatrixcurrentrow=\count169
\pgfmatrixcurrentcolumn=\count170
\pgf@matrix@numberofcolumns=\count171
)
\tikz@expandcount=\count172

(/usr/share/texmf-site/tex/generic/pgf/frontendlayer/tikz/libraries/tikzlibrary
topaths.code.tex
File: tikzlibrarytopaths.code.tex 2008/01/09 v2.00 (rcs-revision 1.1)
))) (./beamerthememeutema.sty
(/usr/share/texmf-dist/tex/latex/ly1/texnansi.sty
Package: texnansi 1998/05/30 v0.2 texnansi and ansinew support

(/usr/share/texmf-dist/tex/latex/base/fontenc.sty
Package: fontenc 2005/09/27 v1.99g Standard LaTeX package

(/usr/share/texmf-dist/tex/latex/ly1/ly1enc.def
File: ly1enc.def 1999/05/21 v0.6 TeX 'n ANSI encoding (DPC)
)
LaTeX Font Info:    Try loading font information for LY1+ptm on input line 100.


(/usr/share/texmf-dist/tex/latex/ly1/ly1ptm.fd
File: ly1ptm.fd 2001/02/01 font definitions for LY1/ptm using Berry names.
)))
(/usr/share/texmf-dist/tex/latex/marvosym/marvosym.sty
Package: marvosym 2006/05/11 v2.1 Martin Vogel's Symbols font definitions
)) (./RedesNetCoding.aux)
\openout1 = `RedesNetCoding.aux'.

LaTeX Font Info:    Checking defaults for OML/cmm/m/it on input line 20.
LaTeX Font Info:    ... okay on input line 20.
LaTeX Font Info:    Checking defaults for T1/cmr/m/n on input line 20.
LaTeX Font Info:    ... okay on input line 20.
LaTeX Font Info:    Checking defaults for OT1/cmr/m/n on input line 20.
LaTeX Font Info:    ... okay on input line 20.
LaTeX Font Info:    Checking defaults for OMS/cmsy/m/n on input line 20.
LaTeX Font Info:    ... okay on input line 20.
LaTeX Font Info:    Checking defaults for OMX/cmex/m/n on input line 20.
LaTeX Font Info:    ... okay on input line 20.
LaTeX Font Info:    Checking defaults for U/cmr/m/n on input line 20.
LaTeX Font Info:    ... okay on input line 20.
LaTeX Font Info:    Checking defaults for PD1/pdf/m/n on input line 20.
LaTeX Font Info:    ... okay on input line 20.
LaTeX Font Info:    Checking defaults for LY1/ptm/m/n on input line 20.
LaTeX Font Info:    ... okay on input line 20.
LaTeX Font Info:    Try loading font information for LY1+phv on input line 20.
(/usr/share/texmf-dist/tex/latex/ly1/ly1phv.fd
File: ly1phv.fd 2001/02/01 scalable font definitions for LY1/phv using Berry na
mes.
)
-------------------- Geometry parameters
paper: user defined
landscape: --
twocolumn: --
twoside: --
asymmetric: --
h-parts: 78.24506pt, 257.49756pt, 28.45274pt
v-parts: 0.0pt, 273.14662pt, 0.0pt
hmarginratio: --
vmarginratio: --
lines: --
heightrounded: --
bindingoffset: 0.0pt
truedimen: --
includehead: true
includefoot: true
includemp: --
driver: pdftex
-------------------- Page layout dimensions and switches
\paperwidth  364.19536pt
\paperheight 273.14662pt
\textwidth  257.49756pt
\textheight 244.6939pt
\oddsidemargin  5.97507pt
\evensidemargin 5.97507pt
\topmargin  -72.26999pt
\headheight 14.22636pt
\headsep    0.0pt
\footskip   14.22636pt
\marginparwidth 4.0pt
\marginparsep   10.0pt
\columnsep  10.0pt
\skip\footins  10.0pt plus 4.0pt minus 2.0pt
\hoffset 0.0pt
\voffset 0.0pt
\mag 1000

(1in=72.27pt, 1cm=28.45pt)
-----------------------
Package hyperref Info: Link coloring OFF on input line 20.

(/usr/share/texmf-dist/tex/latex/hyperref/nameref.sty
Package: nameref 2007/05/29 v2.31 Cross-referencing by name of section

(/usr/share/texmf-dist/tex/latex/oberdiek/refcount.sty
Package: refcount 2008/08/11 v3.1 Data extraction from references (HO)
)
\c@section@level=\count173
)
LaTeX Info: Redefining \ref on input line 20.
LaTeX Info: Redefining \pageref on input line 20.
 (./RedesNetCoding.out) (./RedesNetCoding.out)
\@outlinefile=\write5
\openout5 = `RedesNetCoding.out'.

\AtBeginShipoutBox=\box58

(/usr/share/texmf-site/tex/latex/translator/translator-theorem-dictionary/trans
lator-theorem-dictionary-English.dict
Dictionary: translator-theorem-dictionary, Language: English 
) (./RedesNetCoding.nav)
LaTeX Font Info:    Font shape `LY1/phv/bx/n' in size <6> not available
(Font)              Font shape `LY1/phv/b/n' tried instead on input line 20.

Underfull \hbox (badness 10000) in paragraph at lines 31--31

 []

LaTeX Font Info:    Try loading font information for U+msa on input line 31.
(/usr/share/texmf-dist/tex/latex/amsfonts/umsa.fd
File: umsa.fd 2002/01/19 v2.2g AMS font definitions
)
LaTeX Font Info:    Try loading font information for U+msb on input line 31.

(/usr/share/texmf-dist/tex/latex/amsfonts/umsb.fd
File: umsb.fd 2002/01/19 v2.2g AMS font definitions
)
LaTeX Font Info:    Font shape `LY1/phv/m/it' in size <9> not available
(Font)              Font shape `LY1/phv/m/sl' tried instead on input line 31.
LaTeX Font Info:    Font shape `LY1/phv/bx/n' in size <4> not available
(Font)              Font shape `LY1/phv/b/n' tried instead on input line 31.

<ic.pdf, id=41, 658.46pt x 382.42876pt>
File: ic.pdf Graphic file (type pdf)
 <use ic.pdf>
Underfull \hbox (badness 10000) has occurred while \output is active
  []\LY1/phv/b/n/6 COPE[]  
 []


Underfull \hbox (badness 4940) has occurred while \output is active
  []\LY1/phv/b/n/6 Ganhos[]  
 []


Underfull \hbox (badness 1178) has occurred while \output is active
  []\LY1/phv/b/n/6 Detalhes[]  
 []


Overfull \vbox (6.29173pt too high) has occurred while \output is active []


[1
Non-PDF special ignored!
Non-PDF special ignored!
Non-PDF special ignored!
Non-PDF special ignored!{//var/lib/texmf/fonts/map/pdftex/updmap/pdftex.map}

 <./ic.pdf>]
File: ic.pdf Graphic file (type pdf)
 <use ic.pdf>
Underfull \hbox (badness 10000) has occurred while \output is active
  []\LY1/phv/b/n/6 COPE[]  
 []


Underfull \hbox (badness 4940) has occurred while \output is active
  []\LY1/phv/b/n/6 Ganhos[]  
 []


Underfull \hbox (badness 1178) has occurred while \output is active
  []\LY1/phv/b/n/6 Detalhes[]  
 []


Overfull \vbox (6.29173pt too high) has occurred while \output is active []


[2

]
LaTeX Font Info:    Font shape `LY1/phv/m/it' in size <10.95> not available
(Font)              Font shape `LY1/phv/m/sl' tried instead on input line 55.
LaTeX Font Info:    Font shape `LY1/phv/bx/n' in size <20.74> not available
(Font)              Font shape `LY1/phv/b/n' tried instead on input line 55.
File: ic.pdf Graphic file (type pdf)
 <use ic.pdf>
Underfull \hbox (badness 10000) has occurred while \output is active
  []\LY1/phv/b/n/6 COPE[]  
 []


Underfull \hbox (badness 4940) has occurred while \output is active
  []\LY1/phv/b/n/6 Ganhos[]  
 []


Underfull \hbox (badness 1178) has occurred while \output is active
  []\LY1/phv/b/n/6 Detalhes[]  
 []


Overfull \vbox (6.29173pt too high) has occurred while \output is active []


[3

]
LaTeX Font Info:    Font shape `LY1/phv/bx/it' in size <20.74> not available
(Font)              Font shape `LY1/phv/b/it' tried instead on input line 72.
LaTeX Font Info:    Font shape `LY1/phv/b/it' in size <20.74> not available
(Font)              Font shape `LY1/phv/b/sl' tried instead on input line 72.
File: ic.pdf Graphic file (type pdf)
 <use ic.pdf>
Underfull \hbox (badness 10000) has occurred while \output is active
  []\LY1/phv/b/n/6 COPE[]  
 []


Underfull \hbox (badness 4940) has occurred while \output is active
  []\LY1/phv/b/n/6 Ganhos[]  
 []


Underfull \hbox (badness 1178) has occurred while \output is active
  []\LY1/phv/b/n/6 Detalhes[]  
 []


Overfull \vbox (6.29173pt too high) has occurred while \output is active []


[4

 <./imagens/meshCinza.pdf>]
File: ic.pdf Graphic file (type pdf)
 <use ic.pdf>
Underfull \hbox (badness 10000) has occurred while \output is active
  []\LY1/phv/b/n/6 COPE[]  
 []


Underfull \hbox (badness 4940) has occurred while \output is active
  []\LY1/phv/b/n/6 Ganhos[]  
 []


Underfull \hbox (badness 1178) has occurred while \output is active
  []\LY1/phv/b/n/6 Detalhes[]  
 []


Overfull \vbox (6.29173pt too high) has occurred while \output is active []


[5

]
File: ic.pdf Graphic file (type pdf)
 <use ic.pdf>
Underfull \hbox (badness 10000) has occurred while \output is active
  []\LY1/phv/b/n/6 COPE[]  
 []


Underfull \hbox (badness 4940) has occurred while \output is active
  []\LY1/phv/b/n/6 Ganhos[]  
 []


Underfull \hbox (badness 1178) has occurred while \output is active
  []\LY1/phv/b/n/6 Detalhes[]  
 []


Overfull \vbox (6.29173pt too high) has occurred while \output is active []


[6

 <./imagens/CodingExemplo.pdf>]
File: ic.pdf Graphic file (type pdf)
 <use ic.pdf>
Underfull \hbox (badness 10000) has occurred while \output is active
  []\LY1/phv/b/n/6 COPE[]  
 []


Underfull \hbox (badness 4940) has occurred while \output is active
  []\LY1/phv/b/n/6 Ganhos[]  
 []


Underfull \hbox (badness 1178) has occurred while \output is active
  []\LY1/phv/b/n/6 Detalhes[]  
 []


Overfull \vbox (6.29173pt too high) has occurred while \output is active []


[7

]
File: ic.pdf Graphic file (type pdf)
 <use ic.pdf>
Underfull \hbox (badness 10000) has occurred while \output is active
  []\LY1/phv/b/n/6 COPE[]  
 []


Underfull \hbox (badness 4940) has occurred while \output is active
  []\LY1/phv/b/n/6 Ganhos[]  
 []


Underfull \hbox (badness 1178) has occurred while \output is active
  []\LY1/phv/b/n/6 Detalhes[]  
 []


Overfull \vbox (6.29173pt too high) has occurred while \output is active []


[8

]
File: ic.pdf Graphic file (type pdf)
 <use ic.pdf>
Underfull \hbox (badness 10000) has occurred while \output is active
  []\LY1/phv/b/n/6 COPE[]  
 []


Underfull \hbox (badness 4940) has occurred while \output is active
  []\LY1/phv/b/n/6 Ganhos[]  
 []


Underfull \hbox (badness 1178) has occurred while \output is active
  []\LY1/phv/b/n/6 Detalhes[]  
 []


Overfull \vbox (6.29173pt too high) has occurred while \output is active []


[9

]
File: ic.pdf Graphic file (type pdf)
 <use ic.pdf>
Underfull \hbox (badness 10000) has occurred while \output is active
  []\LY1/phv/b/n/6 COPE[]  
 []


Underfull \hbox (badness 4940) has occurred while \output is active
  []\LY1/phv/b/n/6 Ganhos[]  
 []


Underfull \hbox (badness 1178) has occurred while \output is active
  []\LY1/phv/b/n/6 Detalhes[]  
 []


Overfull \vbox (6.29173pt too high) has occurred while \output is active []


[10

]
File: ic.pdf Graphic file (type pdf)
 <use ic.pdf>
Underfull \hbox (badness 10000) has occurred while \output is active
  []\LY1/phv/b/n/6 COPE[]  
 []


Underfull \hbox (badness 4940) has occurred while \output is active
  []\LY1/phv/b/n/6 Ganhos[]  
 []


Underfull \hbox (badness 1178) has occurred while \output is active
  []\LY1/phv/b/n/6 Detalhes[]  
 []


Overfull \vbox (6.29173pt too high) has occurred while \output is active []


[11

 <./imagens/OportunisticCodingEx.PNG (PNG copy)>]
File: ic.pdf Graphic file (type pdf)
 <use ic.pdf>
Underfull \hbox (badness 10000) has occurred while \output is active
  []\LY1/phv/b/n/6 COPE[]  
 []


Underfull \hbox (badness 4940) has occurred while \output is active
  []\LY1/phv/b/n/6 Ganhos[]  
 []


Underfull \hbox (badness 1178) has occurred while \output is active
  []\LY1/phv/b/n/6 Detalhes[]  
 []


Overfull \vbox (6.29173pt too high) has occurred while \output is active []


[12

]
File: ic.pdf Graphic file (type pdf)
 <use ic.pdf>
Underfull \hbox (badness 10000) has occurred while \output is active
  []\LY1/phv/b/n/6 COPE[]  
 []


Underfull \hbox (badness 4940) has occurred while \output is active
  []\LY1/phv/b/n/6 Ganhos[]  
 []


Underfull \hbox (badness 1178) has occurred while \output is active
  []\LY1/phv/b/n/6 Detalhes[]  
 []


Overfull \vbox (6.29173pt too high) has occurred while \output is active []


[13

]
File: ic.pdf Graphic file (type pdf)
 <use ic.pdf>
Underfull \hbox (badness 10000) has occurred while \output is active
  []\LY1/phv/b/n/6 COPE[]  
 []


Underfull \hbox (badness 4940) has occurred while \output is active
  []\LY1/phv/b/n/6 Ganhos[]  
 []


Underfull \hbox (badness 1178) has occurred while \output is active
  []\LY1/phv/b/n/6 Detalhes[]  
 []


Overfull \vbox (6.29173pt too high) has occurred while \output is active []


[14

]
File: ic.pdf Graphic file (type pdf)
 <use ic.pdf>
Underfull \hbox (badness 10000) has occurred while \output is active
  []\LY1/phv/b/n/6 COPE[]  
 []


Underfull \hbox (badness 4940) has occurred while \output is active
  []\LY1/phv/b/n/6 Ganhos[]  
 []


Underfull \hbox (badness 1178) has occurred while \output is active
  []\LY1/phv/b/n/6 Detalhes[]  
 []


Overfull \vbox (6.29173pt too high) has occurred while \output is active []


[15

]
File: ic.pdf Graphic file (type pdf)
 <use ic.pdf>
Underfull \hbox (badness 10000) has occurred while \output is active
  []\LY1/phv/b/n/6 COPE[]  
 []


Underfull \hbox (badness 4940) has occurred while \output is active
  []\LY1/phv/b/n/6 Ganhos[]  
 []


Underfull \hbox (badness 1178) has occurred while \output is active
  []\LY1/phv/b/n/6 Detalhes[]  
 []


Overfull \vbox (6.29173pt too high) has occurred while \output is active []


[16

 <./imagens/ChainTopology.PNG (PNG copy)>]
File: ic.pdf Graphic file (type pdf)
 <use ic.pdf>
Underfull \hbox (badness 10000) has occurred while \output is active
  []\LY1/phv/b/n/6 COPE[]  
 []


Underfull \hbox (badness 4940) has occurred while \output is active
  []\LY1/phv/b/n/6 Ganhos[]  
 []


Underfull \hbox (badness 1178) has occurred while \output is active
  []\LY1/phv/b/n/6 Detalhes[]  
 []


Overfull \vbox (6.29173pt too high) has occurred while \output is active []


[17

 <./imagens/Xtopology.PNG (PNG copy)>]
File: ic.pdf Graphic file (type pdf)
 <use ic.pdf>
Underfull \hbox (badness 10000) has occurred while \output is active
  []\LY1/phv/b/n/6 COPE[]  
 []


Underfull \hbox (badness 4940) has occurred while \output is active
  []\LY1/phv/b/n/6 Ganhos[]  
 []


Underfull \hbox (badness 1178) has occurred while \output is active
  []\LY1/phv/b/n/6 Detalhes[]  
 []


Overfull \vbox (6.29173pt too high) has occurred while \output is active []


[18

 <./imagens/crossTopology.PNG (PNG copy)>]
File: ic.pdf Graphic file (type pdf)
 <use ic.pdf>
Underfull \hbox (badness 10000) has occurred while \output is active
  []\LY1/phv/b/n/6 COPE[]  
 []


Underfull \hbox (badness 4940) has occurred while \output is active
  []\LY1/phv/b/n/6 Ganhos[]  
 []


Underfull \hbox (badness 1178) has occurred while \output is active
  []\LY1/phv/b/n/6 Detalhes[]  
 []


Overfull \vbox (6.29173pt too high) has occurred while \output is active []


[19

 <./imagens/wheel.PNG (PNG copy)>]
File: ic.pdf Graphic file (type pdf)
 <use ic.pdf>
Underfull \hbox (badness 10000) has occurred while \output is active
  []\LY1/phv/b/n/6 COPE[]  
 []


Underfull \hbox (badness 4940) has occurred while \output is active
  []\LY1/phv/b/n/6 Ganhos[]  
 []


Underfull \hbox (badness 1178) has occurred while \output is active
  []\LY1/phv/b/n/6 Detalhes[]  
 []


Overfull \vbox (6.29173pt too high) has occurred while \output is active []


[20

]
File: ic.pdf Graphic file (type pdf)
 <use ic.pdf>
Underfull \hbox (badness 10000) has occurred while \output is active
  []\LY1/phv/b/n/6 COPE[]  
 []


Underfull \hbox (badness 4940) has occurred while \output is active
  []\LY1/phv/b/n/6 Ganhos[]  
 []


Underfull \hbox (badness 1178) has occurred while \output is active
  []\LY1/phv/b/n/6 Detalhes[]  
 []


Overfull \vbox (6.29173pt too high) has occurred while \output is active []


[21

]
Overfull \vbox (6.38266pt too high) detected at line 351
 []

File: ic.pdf Graphic file (type pdf)
<use ic.pdf>
Underfull \hbox (badness 10000) has occurred while \output is active
  []\LY1/phv/b/n/6 COPE[]  
 []


Underfull \hbox (badness 4940) has occurred while \output is active
  []\LY1/phv/b/n/6 Ganhos[]  
 []


Underfull \hbox (badness 1178) has occurred while \output is active
  []\LY1/phv/b/n/6 Detalhes[]  
 []


Overfull \vbox (6.29173pt too high) has occurred while \output is active []


[22

]
File: ic.pdf Graphic file (type pdf)
 <use ic.pdf>
Underfull \hbox (badness 10000) has occurred while \output is active
  []\LY1/phv/b/n/6 COPE[]  
 []


Underfull \hbox (badness 4940) has occurred while \output is active
  []\LY1/phv/b/n/6 Ganhos[]  
 []


Underfull \hbox (badness 1178) has occurred while \output is active
  []\LY1/phv/b/n/6 Detalhes[]  
 []


Overfull \vbox (6.29173pt too high) has occurred while \output is active []


[23

 <./imagens/AlgCodificacao.PNG (PNG copy)>]
File: ic.pdf Graphic file (type pdf)
 <use ic.pdf>
Underfull \hbox (badness 10000) has occurred while \output is active
  []\LY1/phv/b/n/6 COPE[]  
 []


Underfull \hbox (badness 4940) has occurred while \output is active
  []\LY1/phv/b/n/6 Ganhos[]  
 []


Underfull \hbox (badness 1178) has occurred while \output is active
  []\LY1/phv/b/n/6 Detalhes[]  
 []


Overfull \vbox (6.29173pt too high) has occurred while \output is active []


[24

]
File: ic.pdf Graphic file (type pdf)
 <use ic.pdf>
Underfull \hbox (badness 10000) has occurred while \output is active
  []\LY1/phv/b/n/6 COPE[]  
 []


Underfull \hbox (badness 4940) has occurred while \output is active
  []\LY1/phv/b/n/6 Ganhos[]  
 []


Underfull \hbox (badness 1178) has occurred while \output is active
  []\LY1/phv/b/n/6 Detalhes[]  
 []


Overfull \vbox (6.29173pt too high) has occurred while \output is active []


[25

]
LaTeX Font Info:    Font shape `LY1/phv/m/it' in size <10> not available
(Font)              Font shape `LY1/phv/m/sl' tried instead on input line 422.
File: ic.pdf Graphic file (type pdf)
 <use ic.pdf>
Underfull \hbox (badness 10000) has occurred while \output is active
  []\LY1/phv/b/n/6 COPE[]  
 []


Underfull \hbox (badness 4940) has occurred while \output is active
  []\LY1/phv/b/n/6 Ganhos[]  
 []


Underfull \hbox (badness 1178) has occurred while \output is active
  []\LY1/phv/b/n/6 Detalhes[]  
 []


Overfull \vbox (6.29173pt too high) has occurred while \output is active []


[26

]
File: ic.pdf Graphic file (type pdf)
 <use ic.pdf>
Underfull \hbox (badness 10000) has occurred while \output is active
  []\LY1/phv/b/n/6 COPE[]  
 []


Underfull \hbox (badness 4940) has occurred while \output is active
  []\LY1/phv/b/n/6 Ganhos[]  
 []


Underfull \hbox (badness 1178) has occurred while \output is active
  []\LY1/phv/b/n/6 Detalhes[]  
 []


Overfull \vbox (6.29173pt too high) has occurred while \output is active []


[27

 <./imagens/PktFormat.PNG (PNG copy)>]
File: ic.pdf Graphic file (type pdf)
 <use ic.pdf>
Underfull \hbox (badness 10000) has occurred while \output is active
  []\LY1/phv/b/n/6 COPE[]  
 []


Underfull \hbox (badness 4940) has occurred while \output is active
  []\LY1/phv/b/n/6 Ganhos[]  
 []


Underfull \hbox (badness 1178) has occurred while \output is active
  []\LY1/phv/b/n/6 Detalhes[]  
 []


Overfull \vbox (6.29173pt too high) has occurred while \output is active []


[28

]
LaTeX Font Info:    Font shape `LY1/phv/m/it' in size <12> not available
(Font)              Font shape `LY1/phv/m/sl' tried instead on input line 457.
File: ic.pdf Graphic file (type pdf)
 <use ic.pdf>
Underfull \hbox (badness 10000) has occurred while \output is active
  []\LY1/phv/b/n/6 COPE[]  
 []


Underfull \hbox (badness 4940) has occurred while \output is active
  []\LY1/phv/b/n/6 Ganhos[]  
 []


Underfull \hbox (badness 1178) has occurred while \output is active
  []\LY1/phv/b/n/6 Detalhes[]  
 []


Overfull \vbox (6.29173pt too high) has occurred while \output is active []


[29

]
File: ic.pdf Graphic file (type pdf)
 <use ic.pdf>
Underfull \hbox (badness 10000) has occurred while \output is active
  []\LY1/phv/b/n/6 COPE[]  
 []


Underfull \hbox (badness 4940) has occurred while \output is active
  []\LY1/phv/b/n/6 Ganhos[]  
 []


Underfull \hbox (badness 1178) has occurred while \output is active
  []\LY1/phv/b/n/6 Detalhes[]  
 []


Overfull \vbox (6.29173pt too high) has occurred while \output is active []


[30

]
LaTeX Font Info:    Font shape `LY1/phv/bx/n' in size <10.95> not available
(Font)              Font shape `LY1/phv/b/n' tried instead on input line 497.
File: ic.pdf Graphic file (type pdf)
 <use ic.pdf>
Underfull \hbox (badness 10000) has occurred while \output is active
  []\LY1/phv/b/n/6 COPE[]  
 []


Underfull \hbox (badness 4940) has occurred while \output is active
  []\LY1/phv/b/n/6 Ganhos[]  
 []


Underfull \hbox (badness 1178) has occurred while \output is active
  []\LY1/phv/b/n/6 Detalhes[]  
 []


Overfull \vbox (6.29173pt too high) has occurred while \output is active []


[31

 <./imagens/GainAliceBobTCP.PNG (PNG copy)> <./imagens/GainXtopologyTCP.PNG (PN
G copy)> <./imagens/GainCrosstopologyTCP.PNG (PNG copy)>]
File: ic.pdf Graphic file (type pdf)
 <use ic.pdf>
Underfull \hbox (badness 10000) has occurred while \output is active
  []\LY1/phv/b/n/6 COPE[]  
 []


Underfull \hbox (badness 4940) has occurred while \output is active
  []\LY1/phv/b/n/6 Ganhos[]  
 []


Underfull \hbox (badness 1178) has occurred while \output is active
  []\LY1/phv/b/n/6 Detalhes[]  
 []


Overfull \vbox (6.29173pt too high) has occurred while \output is active []


[32

 <./imagens/GainAliceBobUDP.PNG (PNG copy)> <./imagens/GainXtopologyUDP.PNG (PN
G copy)> <./imagens/GainCrosstopologyUDP.PNG (PNG copy)>]
File: ic.pdf Graphic file (type pdf)
 <use ic.pdf>
Underfull \hbox (badness 10000) has occurred while \output is active
  []\LY1/phv/b/n/6 COPE[]  
 []


Underfull \hbox (badness 4940) has occurred while \output is active
  []\LY1/phv/b/n/6 Ganhos[]  
 []


Underfull \hbox (badness 1178) has occurred while \output is active
  []\LY1/phv/b/n/6 Detalhes[]  
 []


Overfull \vbox (6.29173pt too high) has occurred while \output is active []


[33

 <./imagens/LossFrac.png> <./imagens/QueueSize.png>]
File: ic.pdf Graphic file (type pdf)
 <use ic.pdf>
Underfull \hbox (badness 10000) has occurred while \output is active
  []\LY1/phv/b/n/6 COPE[]  
 []


Underfull \hbox (badness 4940) has occurred while \output is active
  []\LY1/phv/b/n/6 Ganhos[]  
 []


Underfull \hbox (badness 1178) has occurred while \output is active
  []\LY1/phv/b/n/6 Detalhes[]  
 []


Overfull \vbox (6.29173pt too high) has occurred while \output is active []


[34

 <./imagens/TCPNoHidden.PNG (PNG copy)>]
File: ic.pdf Graphic file (type pdf)
 <use ic.pdf>
Underfull \hbox (badness 10000) has occurred while \output is active
  []\LY1/phv/b/n/6 COPE[]  
 []


Underfull \hbox (badness 4940) has occurred while \output is active
  []\LY1/phv/b/n/6 Ganhos[]  
 []


Underfull \hbox (badness 1178) has occurred while \output is active
  []\LY1/phv/b/n/6 Detalhes[]  
 []


Overfull \vbox (6.29173pt too high) has occurred while \output is active []


[35

 <./imagens/UDPLarge.PNG (PNG copy)>]
Overfull \vbox (5.95131pt too high) detected at line 554
 []

File: ic.pdf Graphic file (type pdf)
<use ic.pdf>
Underfull \hbox (badness 10000) has occurred while \output is active
  []\LY1/phv/b/n/6 COPE[]  
 []


Underfull \hbox (badness 4940) has occurred while \output is active
  []\LY1/phv/b/n/6 Ganhos[]  
 []


Underfull \hbox (badness 1178) has occurred while \output is active
  []\LY1/phv/b/n/6 Detalhes[]  
 []


Overfull \vbox (6.29173pt too high) has occurred while \output is active []


[36

 <./imagens/GuessCoding.PNG (PNG copy)> <./imagens/CodingDist.PNG (PNG copy)>]
File: ic.pdf Graphic file (type pdf)
 <use ic.pdf>
Underfull \hbox (badness 10000) has occurred while \output is active
  []\LY1/phv/b/n/6 COPE[]  
 []


Underfull \hbox (badness 4940) has occurred while \output is active
  []\LY1/phv/b/n/6 Ganhos[]  
 []


Underfull \hbox (badness 1178) has occurred while \output is active
  []\LY1/phv/b/n/6 Detalhes[]  
 []


Overfull \vbox (6.29173pt too high) has occurred while \output is active []


[37

 <./imagens/TCPRedeAcesso.PNG (PNG copy)>]
Overfull \vbox (4.08644pt too high) detected at line 575
 []

File: ic.pdf Graphic file (type pdf)
<use ic.pdf>
Underfull \hbox (badness 10000) has occurred while \output is active
  []\LY1/phv/b/n/6 COPE[]  
 []


Underfull \hbox (badness 4940) has occurred while \output is active
  []\LY1/phv/b/n/6 Ganhos[]  
 []


Underfull \hbox (badness 1178) has occurred while \output is active
  []\LY1/phv/b/n/6 Detalhes[]  
 []


Overfull \vbox (6.29173pt too high) has occurred while \output is active []


[38

 <./imagens/JusticaVazao.PNG> <./imagens/Justica.PNG>]
File: ic.pdf Graphic file (type pdf)
 <use ic.pdf>
Underfull \hbox (badness 10000) has occurred while \output is active
  []\LY1/phv/b/n/6 COPE[]  
 []


Underfull \hbox (badness 4940) has occurred while \output is active
  []\LY1/phv/b/n/6 Ganhos[]  
 []


Underfull \hbox (badness 1178) has occurred while \output is active
  []\LY1/phv/b/n/6 Detalhes[]  
 []


Overfull \vbox (6.29173pt too high) has occurred while \output is active []


[39

]
Overfull \vbox (1.77344pt too high) detected at line 608
 []

File: ic.pdf Graphic file (type pdf)
<use ic.pdf>
Underfull \hbox (badness 10000) has occurred while \output is active
  []\LY1/phv/b/n/6 COPE[]  
 []


Underfull \hbox (badness 4940) has occurred while \output is active
  []\LY1/phv/b/n/6 Ganhos[]  
 []


Underfull \hbox (badness 1178) has occurred while \output is active
  []\LY1/phv/b/n/6 Detalhes[]  
 []


Overfull \vbox (6.29173pt too high) has occurred while \output is active []


[40

]
\tf@nav=\write6
\openout6 = `RedesNetCoding.nav'.

\tf@toc=\write7
\openout7 = `RedesNetCoding.toc'.

\tf@snm=\write8
\openout8 = `RedesNetCoding.snm'.

 (./RedesNetCoding.aux) ) 
Here is how much of TeX's memory you used:
 16659 strings out of 495029
 288661 string characters out of 1181862
 381314 words of memory out of 3000000
 19275 multiletter control sequences out of 10000+50000
 32094 words of font info for 58 fonts, out of 3000000 for 5000
 38 hyphenation exceptions out of 8191
 43i,18n,59p,351b,721s stack positions out of 5000i,500n,10000p,200000b,50000s
{/usr/share/texmf-dist/fonts/enc/dvips/base/texnansi.e
nc}</usr/share/texmf-dist/fonts/type1/bluesky/cm/cmmi10.pfb></usr/share/texmf-d
ist/fonts/type1/bluesky/cm/cmmi8.pfb></usr/share/texmf-dist/fonts/type1/bluesky
/cm/cmr10.pfb></usr/share/texmf-dist/fonts/type1/bluesky/cm/cmr7.pfb></usr/shar
e/texmf-dist/fonts/type1/bluesky/cm/cmr8.pfb></usr/share/texmf-dist/fonts/type1
/bluesky/cm/cmsy10.pfb></usr/share/texmf-dist/fonts/type1/bluesky/cm/cmsy8.pfb>
</usr/share/texmf-dist/fonts/type1/urw/helvetic/uhvb8a.pfb></usr/share/texmf-di
st/fonts/type1/urw/helvetic/uhvbo8a.pfb></usr/share/texmf-dist/fonts/type1/urw/
helvetic/uhvr8a.pfb></usr/share/texmf-dist/fonts/type1/urw/helvetic/uhvro8a.pfb
>
Output written on RedesNetCoding.pdf (40 pages, 587746 bytes).
PDF statistics:
 653 PDF objects out of 1000 (max. 8388607)
 87 named destinations out of 1000 (max. 131072)
 244 words of extra memory for PDF output out of 10000 (max. 10000000)

